<?xml version="1.0" encoding="UTF-8"?>
<testsuite xmlns:xsi="http://www.w3.org/2001/XMLSchema-instance" xsi:noNamespaceSchemaLocation="https://maven.apache.org/surefire/maven-surefire-plugin/xsd/surefire-test-report.xsd" name="TestSuite" time="60.324" tests="15" errors="0" skipped="0" failures="4">
  <properties>
[...]
</properties>
  <testcase name="testValidSignup" classname="com.demoBlaze.tests.RegisterTest" time="3.486"/>
  <testcase name="testEmptyName" classname="com.demoBlaze.tests.RegisterTest" time="0.829"/>
  <testcase name="testSingleCharacterName" classname="com.demoBlaze.tests.RegisterTest" time="1.304"/>
  <testcase name="testNameWithNumbers" classname="com.demoBlaze.tests.RegisterTest" time="1.319"/>
  <testcase name="testNameWithSpecialCharacters" classname="com.demoBlaze.tests.RegisterTest" time="1.32"/>
  <testcase name="testLongName" classname="com.demoBlaze.tests.RegisterTest" time="1.86"/>
  <testcase name="testTrimmedSpacesInName" classname="com.demoBlaze.tests.RegisterTest" time="1.869"/>
  <testcase name="testAutoLoginAfterSignup" classname="com.demoBlaze.tests.RegisterTest" time="3.757"/>
  <testcase name="testLogoutAndLoginPersistence" classname="com.demoBlaze.tests.RegisterTest" time="4.372"/>
  <testcase name="testAddAndRemoveProduct" classname="com.demoBlaze.tests.ShoppingCartTest" time="10.338">
    <failure message="no such element: Unable to locate element: {&quot;method&quot;:&quot;css selector&quot;,&quot;selector&quot;:&quot;#cartur&quot;}&#10;  (Session info: chrome=133.0.6943.127)&#10;For documentation on this error, please visit: https://www.selenium.dev/documentation/webdriver/troubleshooting/errors#no-such-element-exception&#10;Build info: version: &apos;4.16.1&apos;, revision: &apos;9b4c83354e&apos;&#10;System info: os.name: &apos;Windows 11&apos;, os.arch: &apos;amd64&apos;, os.version: &apos;10.0&apos;, java.version: &apos;23.0.1&apos;&#10;Driver info: org.openqa.selenium.chrome.ChromeDriver&#10;Command: [6b12854859f542dbd05ab6b1c42aba5d, findElement {using=id, value=cartur}]&#10;Capabilities {acceptInsecureCerts: false, browserName: chrome, browserVersion: 133.0.6943.127, chrome: {chromedriverVersion: 133.0.6943.126 (cffa127ce7b..., userDataDir: C:\Users\maria\AppData\Loca...}, fedcm:accounts: true, goog:chromeOptions: {debuggerAddress: localhost:53972}, networkConnectionEnabled: false, pageLoadStrategy: normal, platformName: windows, proxy: Proxy(), se:cdp: ws://localhost:53972/devtoo..., se:cdpVersion: 133.0.6943.127, setWindowRect: true, strictFileInteractability: false, timeouts: {implicit: 0, pageLoad: 300000, script: 30000}, unhandledPromptBehavior: dismiss and notify, webauthn:extension:credBlob: true, webauthn:extension:largeBlob: true, webauthn:extension:minPinLength: true, webauthn:extension:prf: true, webauthn:virtualAuthenticators: true}&#10;Session ID: 6b12854859f542dbd05ab6b1c42aba5d" type="org.openqa.selenium.NoSuchElementException">org.openqa.selenium.NoSuchElementException: 
no such element: Unable to locate element: {"method":"css selector","selector":"#cartur"}
  (Session info: chrome=133.0.6943.127)
For documentation on this error, please visit: https://www.selenium.dev/documentation/webdriver/troubleshooting/errors#no-such-element-exception
Build info: version: '4.16.1', revision: '9b4c83354e'
System info: os.name: 'Windows 11', os.arch: 'amd64', os.version: '10.0', java.version: '23.0.1'
Driver info: org.openqa.selenium.chrome.ChromeDriver
Command: [6b12854859f542dbd05ab6b1c42aba5d, findElement {using=id, value=cartur}]
Capabilities {acceptInsecureCerts: false, browserName: chrome, browserVersion: 133.0.6943.127, chrome: {chromedriverVersion: 133.0.6943.126 (cffa127ce7b..., userDataDir: C:\Users\maria\AppData\Loca...}, fedcm:accounts: true, goog:chromeOptions: {debuggerAddress: localhost:53972}, networkConnectionEnabled: false, pageLoadStrategy: normal, platformName: windows, proxy: Proxy(), se:cdp: ws://localhost:53972/devtoo..., se:cdpVersion: 133.0.6943.127, setWindowRect: true, strictFileInteractability: false, timeouts: {implicit: 0, pageLoad: 300000, script: 30000}, unhandledPromptBehavior: dismiss and notify, webauthn:extension:credBlob: true, webauthn:extension:largeBlob: true, webauthn:extension:minPinLength: true, webauthn:extension:prf: true, webauthn:virtualAuthenticators: true}
Session ID: 6b12854859f542dbd05ab6b1c42aba5d
	at com.demoBlaze.tests.ShoppingCartTest.removeItemFromCart(ShoppingCartTest.java:53)
	at com.demoBlaze.tests.ShoppingCartTest.testAddAndRemoveProduct(ShoppingCartTest.java:76)
</failure>
    <system-out><![CDATA[✅ Added product to cart: Samsung galaxy s7
✅ Verified item in cart: Samsung galaxy s7
]]></system-out>
    <system-err><![CDATA[[main] INFO io.github.bonigarcia.wdm.WebDriverManager - Using chromedriver 133.0.6943.126 (resolved driver for Chrome 133)
[main] INFO io.github.bonigarcia.wdm.WebDriverManager - Exporting webdriver.chrome.driver as C:\Users\maria\.cache\selenium\chromedriver\win64\133.0.6943.126\chromedriver.exe
Feb 23, 2025 3:52:15 AM org.openqa.selenium.devtools.CdpVersionFinder findNearestMatch
WARNING: Unable to find CDP implementation matching 133
Feb 23, 2025 3:52:15 AM org.openqa.selenium.chromium.ChromiumDriver lambda$new$5
WARNING: Unable to find version of CDP to use for 133.0.6943.127. You may need to include a dependency on a specific version of the CDP using something similar to `org.seleniumhq.selenium:selenium-devtools-v86:4.16.1` where the version ("v86") matches the version of the chromium-based browser you're using and the version number of the artifact is the same as Selenium's.
]]></system-err>
  </testcase>
  <testcase name="testSuccessfulLogout" classname="com.demoBlaze.tests.LogoutTest" time="4.424"/>
  <testcase name="testBrowserBackButtonAfterLogout" classname="com.demoBlaze.tests.LogoutTest" time="4.051">
    <failure message="❌ User re-logged in after pressing back button! expected [true] but found [false]" type="java.lang.AssertionError">java.lang.AssertionError: ❌ User re-logged in after pressing back button! expected [true] but found [false]
	at com.demoBlaze.tests.LogoutTest.testBrowserBackButtonAfterLogout(LogoutTest.java:62)
</failure>
  </testcase>
  <testcase name="testCartIsClearedAfterLogout" classname="com.demoBlaze.tests.LogoutTest" time="12.229">
    <failure message="❌ Cart still has items after logout! expected [true] but found [false]" type="java.lang.AssertionError">java.lang.AssertionError: ❌ Cart still has items after logout! expected [true] but found [false]
	at com.demoBlaze.tests.LogoutTest.testCartIsClearedAfterLogout(LogoutTest.java:85)
</failure>
  </testcase>
  <testcase name="testMultipleLoginsInvalidatedAfterLogout" classname="com.demoBlaze.tests.LogoutTest" time="2.172"/>
  <testcase name="testLogoutWithoutActiveSession" classname="com.demoBlaze.tests.LogoutTest" time="0.065">
    <failure message="element not interactable&#10;  (Session info: chrome=133.0.6943.127)&#10;Build info: version: &apos;4.16.1&apos;, revision: &apos;9b4c83354e&apos;&#10;System info: os.name: &apos;Windows 11&apos;, os.arch: &apos;amd64&apos;, os.version: &apos;10.0&apos;, java.version: &apos;23.0.1&apos;&#10;Driver info: org.openqa.selenium.chrome.ChromeDriver&#10;Command: [feccf68b3036696b555bd1db8a7c05a0, clickElement {id=f.25D19CEC1A6C06FB5D4949B852DB77A4.d.FEA7A434C98F048443981B33BF010BB2.e.1077}]&#10;Capabilities {acceptInsecureCerts: false, browserName: chrome, browserVersion: 133.0.6943.127, chrome: {chromedriverVersion: 133.0.6943.126 (cffa127ce7b..., userDataDir: C:\Users\maria\AppData\Loca...}, fedcm:accounts: true, goog:chromeOptions: {debuggerAddress: localhost:53994}, networkConnectionEnabled: false, pageLoadStrategy: normal, platformName: windows, proxy: Proxy(), se:cdp: ws://localhost:53994/devtoo..., se:cdpVersion: 133.0.6943.127, setWindowRect: true, strictFileInteractability: false, timeouts: {implicit: 0, pageLoad: 300000, script: 30000}, unhandledPromptBehavior: dismiss and notify, webauthn:extension:credBlob: true, webauthn:extension:largeBlob: true, webauthn:extension:minPinLength: true, webauthn:extension:prf: true, webauthn:virtualAuthenticators: true}&#10;Element: [[ChromeDriver: chrome on windows (feccf68b3036696b555bd1db8a7c05a0)] -&gt; id: logout2]&#10;Session ID: feccf68b3036696b555bd1db8a7c05a0" type="org.openqa.selenium.ElementNotInteractableException">org.openqa.selenium.ElementNotInteractableException: 
element not interactable
  (Session info: chrome=133.0.6943.127)
Build info: version: '4.16.1', revision: '9b4c83354e'
System info: os.name: 'Windows 11', os.arch: 'amd64', os.version: '10.0', java.version: '23.0.1'
Driver info: org.openqa.selenium.chrome.ChromeDriver
Command: [feccf68b3036696b555bd1db8a7c05a0, clickElement {id=f.25D19CEC1A6C06FB5D4949B852DB77A4.d.FEA7A434C98F048443981B33BF010BB2.e.1077}]
Capabilities {acceptInsecureCerts: false, browserName: chrome, browserVersion: 133.0.6943.127, chrome: {chromedriverVersion: 133.0.6943.126 (cffa127ce7b..., userDataDir: C:\Users\maria\AppData\Loca...}, fedcm:accounts: true, goog:chromeOptions: {debuggerAddress: localhost:53994}, networkConnectionEnabled: false, pageLoadStrategy: normal, platformName: windows, proxy: Proxy(), se:cdp: ws://localhost:53994/devtoo..., se:cdpVersion: 133.0.6943.127, setWindowRect: true, strictFileInteractability: false, timeouts: {implicit: 0, pageLoad: 300000, script: 30000}, unhandledPromptBehavior: dismiss and notify, webauthn:extension:credBlob: true, webauthn:extension:largeBlob: true, webauthn:extension:minPinLength: true, webauthn:extension:prf: true, webauthn:virtualAuthenticators: true}
Element: [[ChromeDriver: chrome on windows (feccf68b3036696b555bd1db8a7c05a0)] -> id: logout2]
Session ID: feccf68b3036696b555bd1db8a7c05a0
	at com.demoBlaze.tests.LogoutTest.testLogoutWithoutActiveSession(LogoutTest.java:123)
</failure>
  </testcase>
</testsuite>