<?xml version="1.0" encoding="UTF-8"?>
<!-- Generated by org.testng.reporters.JUnitXMLReporter -->
<testsuite ignored="0" hostname="Mariam" failures="0" tests="9" name="User Registration Test" time="21.55" errors="0" timestamp="2025-02-23T03:52:15 GMT+04:00">
  <testcase classname="com.demoBlaze.tests.RegisterTest" name="testValidSignup" time="3.485"/>
  <testcase classname="com.demoBlaze.tests.RegisterTest" name="testEmptyName" time="0.83"/>
  <testcase classname="com.demoBlaze.tests.RegisterTest" name="testSingleCharacterName" time="1.303"/>
  <testcase classname="com.demoBlaze.tests.RegisterTest" name="testNameWithNumbers" time="1.319"/>
  <testcase classname="com.demoBlaze.tests.RegisterTest" name="testNameWithSpecialCharacters" time="1.319"/>
  <testcase classname="com.demoBlaze.tests.RegisterTest" name="testLongName" time="1.86"/>
  <testcase classname="com.demoBlaze.tests.RegisterTest" name="testTrimmedSpacesInName" time="1.868"/>
  <testcase classname="com.demoBlaze.tests.RegisterTest" name="testAutoLoginAfterSignup" time="3.757"/>
  <testcase classname="com.demoBlaze.tests.RegisterTest" name="testLogoutAndLoginPersistence" time="4.371"/>
</testsuite> <!-- User Registration Test -->
